core/build/intermediates/manifest_merge_blame_file/release/manifest-merger-blame-release-report.txt
1<?xml version="1.0" encoding="utf-8"?>
2<manifest xmlns:android="http://schemas.android.com/apk/res/android"
3    package="ua.privatbank.core" >
4
5    <uses-sdk
6        android:minSdkVersion="19"
6-->src/main/AndroidManifest.xml
7        android:targetSdkVersion="31" />
7-->src/main/AndroidManifest.xml
8
9    <uses-permission android:name="android.permission.INTERNET" />
9-->src/main/AndroidManifest.xml:5:5-67
9-->src/main/AndroidManifest.xml:5:22-64
10    <uses-permission android:name="android.permission.ACCESS_NETWORK_STATE" />
10-->src/main/AndroidManifest.xml:6:5-79
10-->src/main/AndroidManifest.xml:6:22-76
11    <uses-permission android:name="android.permission.READ_PHONE_STATE" />
11-->src/main/AndroidManifest.xml:7:5-75
11-->src/main/AndroidManifest.xml:7:22-72
12    <uses-permission android:name="android.permission.VIBRATE" />
12-->src/main/AndroidManifest.xml:9:5-66
12-->src/main/AndroidManifest.xml:9:22-63
13
14    <application>
14-->src/main/AndroidManifest.xml:11:5-28:19
15        <receiver
15-->src/main/AndroidManifest.xml:12:9-18:20
16            android:name="ua.privatbank.core.otpretriever.OtpReceiver"
16-->src/main/AndroidManifest.xml:13:13-71
17            android:exported="true" >
17-->src/main/AndroidManifest.xml:14:13-36
18            <intent-filter>
18-->src/main/AndroidManifest.xml:15:13-17:29
19                <action android:name="com.google.android.gms.auth.api.phone.SMS_RETRIEVED" />
19-->src/main/AndroidManifest.xml:16:17-94
19-->src/main/AndroidManifest.xml:16:25-91
20            </intent-filter>
21        </receiver>
22        <receiver
22-->src/main/AndroidManifest.xml:20:9-26:20
23            android:name="ua.privatbank.core.otpretriever.HuaweiSmsBroadCastReceiver"
23-->src/main/AndroidManifest.xml:21:13-86
24            android:exported="true" >
24-->src/main/AndroidManifest.xml:22:13-36
25            <intent-filter>
25-->src/main/AndroidManifest.xml:23:13-25:29
26                <action android:name="com.huawei.hms.support.sms.common.ReadSmsConstant.READ_SMS_BROADCAST_ACTION" />
26-->src/main/AndroidManifest.xml:24:17-118
26-->src/main/AndroidManifest.xml:24:25-115
27            </intent-filter>
28        </receiver>
29    </application>
30
31</manifest>